<?xml version="1.0" encoding="UTF-8"?>
<testsuite xmlns:xsi="http://www.w3.org/2001/XMLSchema-instance" xsi:noNamespaceSchemaLocation="https://maven.apache.org/surefire/maven-surefire-plugin/xsd/surefire-test-report.xsd" version="3.0.2" name="com.example.CatTest" time="1.443" tests="2" errors="0" skipped="0" failures="0">
  <properties>
[...]
</properties>
  <testcase name="getSoundReturnsMeow" classname="com.example.CatTest" time="1.349"/>
  <testcase name="getFoodFelineEatMeat" classname="com.example.CatTest" time="0.078"/>
</testsuite>